<?xml version="1.0" encoding="UTF-8"?>
<!-- Generated by org.testng.reporters.JUnitReportReporter -->
<testsuite hostname="PC59" failures="0" tests="6" name="tests.ExampleRESTRequests" time="7.381" errors="0" timestamp="2022-03-31T16:49:11 ICT" skipped="0">
  <testcase classname="tests.ExampleRESTRequests" name="testPostUser" time="0.764"/>
  <system-out/>
  <testcase classname="tests.ExampleRESTRequests" name="testPutUser" time="0.949"/>
  <system-out/>
  <testcase classname="tests.ExampleRESTRequests" name="testDeleteUser" time="2.458"/>
  <system-out/>
  <testcase classname="tests.ExampleRESTRequests" name="testGetAllUsers" time="1.915"/>
  <system-out/>
  <testcase classname="tests.ExampleRESTRequests" name="testPatchUser" time="0.889"/>
  <system-out/>
  <testcase classname="tests.ExampleRESTRequests" name="testGetUser" time="0.406"/>
  <system-out/>
</testsuite> <!-- tests.ExampleRESTRequests -->
