<?xml version="1.0" encoding="UTF-8"?>
<!-- Generated by org.testng.reporters.JUnitReportReporter -->
<testsuite hostname="PC59" failures="0" tests="6" name="tests.ExampleTest" time="12.350" errors="0" timestamp="2022-03-31T15:46:23 ICT" skipped="0">
  <testcase classname="tests.ExampleTest" name="testGetUser" time="0.579"/>
  <system-out/>
  <testcase classname="tests.ExampleTest" name="testPatchUser" time="2.904"/>
  <system-out/>
  <testcase classname="tests.ExampleTest" name="testPostUser" time="1.792"/>
  <system-out/>
  <testcase classname="tests.ExampleTest" name="testPutUser" time="1.299"/>
  <system-out/>
  <testcase classname="tests.ExampleTest" name="testGetAllUsers" time="2.964"/>
  <system-out/>
  <testcase classname="tests.ExampleTest" name="testDeleteUser" time="2.812"/>
  <system-out/>
</testsuite> <!-- tests.ExampleTest -->
