<?xml version="1.0" encoding="UTF-8"?>
<!-- Generated by org.testng.reporters.JUnitReportReporter -->
<testsuite hostname="PC59" failures="0" tests="2" name="tests.ExampleSOAPRequests" time="1.587" errors="0" timestamp="2022-03-31T16:48:18 ICT" skipped="0">
  <testcase classname="tests.ExampleSOAPRequests" name="testMultiplyTwoNumbers" time="0.421"/>
  <system-out/>
  <testcase classname="tests.ExampleSOAPRequests" name="testAddTwoNumbers" time="1.166"/>
  <system-out/>
</testsuite> <!-- tests.ExampleSOAPRequests -->
